ios-f7/platforms/android/build/outputs/logs/manifest-merger-debug-report.txt
-- Merging decision tree log ---
manifest
ADDED from platforms/android/AndroidManifest.xml:2:1-48:12
	package
		ADDED from platforms/android/AndroidManifest.xml:2:102-127
		INJECTED from platforms/android/AndroidManifest.xml
		INJECTED from platforms/android/AndroidManifest.xml
	android:versionName
		ADDED from platforms/android/AndroidManifest.xml:2:74-101
		INJECTED from platforms/android/AndroidManifest.xml
		INJECTED from platforms/android/AndroidManifest.xml
	android:hardwareAccelerated
		ADDED from platforms/android/AndroidManifest.xml:2:11-45
	android:versionCode
		ADDED from platforms/android/AndroidManifest.xml:2:46-73
		INJECTED from platforms/android/AndroidManifest.xml
		INJECTED from platforms/android/AndroidManifest.xml
	xmlns:android
		ADDED from platforms/android/AndroidManifest.xml:2:128-186
supports-screens
ADDED from platforms/android/AndroidManifest.xml:3:5-191
	android:largeScreens
		ADDED from platforms/android/AndroidManifest.xml:3:49-76
	android:smallScreens
		ADDED from platforms/android/AndroidManifest.xml:3:132-159
	android:normalScreens
		ADDED from platforms/android/AndroidManifest.xml:3:77-105
	android:xlargeScreens
		ADDED from platforms/android/AndroidManifest.xml:3:160-188
	android:resizeable
		ADDED from platforms/android/AndroidManifest.xml:3:106-131
	android:anyDensity
		ADDED from platforms/android/AndroidManifest.xml:3:23-48
application
ADDED from platforms/android/AndroidManifest.xml:4:5-31:19
MERGED from [com.google.android.gms:play-services-location:11.8.0] AndroidManifest.xml:7:5-20
MERGED from [com.google.android.gms:play-services-base:11.8.0] AndroidManifest.xml:22:5-27:19
MERGED from [com.google.android.gms:play-services-base-license:11.8.0] AndroidManifest.xml:5:5-20
MERGED from [com.google.android.gms:play-services-tasks:11.8.0] AndroidManifest.xml:7:5-20
MERGED from [com.google.android.gms:play-services-basement:11.8.0] AndroidManifest.xml:22:5-26:19
MERGED from [com.google.android.gms:play-services-basement-license:11.8.0] AndroidManifest.xml:5:5-20
MERGED from [com.google.android.gms:play-services-tasks-license:11.8.0] AndroidManifest.xml:5:5-20
MERGED from [com.google.android.gms:play-services-location-license:11.8.0] AndroidManifest.xml:5:5-20
	android:label
		ADDED from platforms/android/AndroidManifest.xml:4:81-113
	android:supportsRtl
		ADDED from platforms/android/AndroidManifest.xml:4:114-140
	android:hardwareAccelerated
		ADDED from platforms/android/AndroidManifest.xml:4:18-52
	android:icon
		ADDED from platforms/android/AndroidManifest.xml:4:53-80
activity#com.virtualcrit.MainActivity
ADDED from platforms/android/AndroidManifest.xml:5:9-10:20
	android:label
		ADDED from platforms/android/AndroidManifest.xml:5:97-134
	android:launchMode
		ADDED from platforms/android/AndroidManifest.xml:5:135-165
	android:windowSoftInputMode
		ADDED from platforms/android/AndroidManifest.xml:5:257-299
	android:configChanges
		ADDED from platforms/android/AndroidManifest.xml:5:19-96
	android:theme
		ADDED from platforms/android/AndroidManifest.xml:5:194-256
	android:name
		ADDED from platforms/android/AndroidManifest.xml:5:166-193
intent-filter#android.intent.action.MAIN+android.intent.category.LAUNCHER
ADDED from platforms/android/AndroidManifest.xml:6:13-9:29
	android:label
		ADDED from platforms/android/AndroidManifest.xml:6:28-65
action#android.intent.action.MAIN
ADDED from platforms/android/AndroidManifest.xml:7:17-69
	android:name
		ADDED from platforms/android/AndroidManifest.xml:7:25-66
category#android.intent.category.LAUNCHER
ADDED from platforms/android/AndroidManifest.xml:8:17-77
	android:name
		ADDED from platforms/android/AndroidManifest.xml:8:27-74
meta-data#com.google.android.gms.version
ADDED from platforms/android/AndroidManifest.xml:11:9-122
MERGED from [com.google.android.gms:play-services-basement:11.8.0] AndroidManifest.xml:23:9-25:69
	android:value
		ADDED from platforms/android/AndroidManifest.xml:11:66-119
	android:name
		ADDED from platforms/android/AndroidManifest.xml:11:20-65
service#com.marianhello.bgloc.sync.SyncService
ADDED from platforms/android/AndroidManifest.xml:12:9-17:19
	android:process
		ADDED from platforms/android/AndroidManifest.xml:12:96-119
	android:exported
		ADDED from platforms/android/AndroidManifest.xml:12:18-41
	android:name
		ADDED from platforms/android/AndroidManifest.xml:12:42-95
intent-filter#android.content.SyncAdapter
ADDED from platforms/android/AndroidManifest.xml:13:13-15:29
action#android.content.SyncAdapter
ADDED from platforms/android/AndroidManifest.xml:14:17-70
	android:name
		ADDED from platforms/android/AndroidManifest.xml:14:25-67
meta-data#android.content.SyncAdapter
ADDED from platforms/android/AndroidManifest.xml:16:13-105
	android:resource
		ADDED from platforms/android/AndroidManifest.xml:16:67-102
	android:name
		ADDED from platforms/android/AndroidManifest.xml:16:24-66
service#com.marianhello.bgloc.sync.AuthenticatorService
ADDED from platforms/android/AndroidManifest.xml:18:9-23:19
	android:name
		ADDED from platforms/android/AndroidManifest.xml:18:18-80
intent-filter#android.accounts.AccountAuthenticator
ADDED from platforms/android/AndroidManifest.xml:19:13-21:29
action#android.accounts.AccountAuthenticator
ADDED from platforms/android/AndroidManifest.xml:20:17-80
	android:name
		ADDED from platforms/android/AndroidManifest.xml:20:25-77
meta-data#android.accounts.AccountAuthenticator
ADDED from platforms/android/AndroidManifest.xml:22:13-117
	android:resource
		ADDED from platforms/android/AndroidManifest.xml:22:77-114
	android:name
		ADDED from platforms/android/AndroidManifest.xml:22:24-76
provider#com.marianhello.bgloc.sync.DummyContentProvider
ADDED from platforms/android/AndroidManifest.xml:24:9-181
	android:authorities
		ADDED from platforms/android/AndroidManifest.xml:24:19-66
	android:syncable
		ADDED from platforms/android/AndroidManifest.xml:24:155-178
	android:exported
		ADDED from platforms/android/AndroidManifest.xml:24:67-91
	android:name
		ADDED from platforms/android/AndroidManifest.xml:24:92-154
service#com.marianhello.bgloc.LocationService
ADDED from platforms/android/AndroidManifest.xml:25:9-121
	android:enabled
		ADDED from platforms/android/AndroidManifest.xml:25:18-40
	android:exported
		ADDED from platforms/android/AndroidManifest.xml:25:41-65
	android:name
		ADDED from platforms/android/AndroidManifest.xml:25:66-118
receiver#com.marianhello.bgloc.BootCompletedReceiver
ADDED from platforms/android/AndroidManifest.xml:26:9-30:20
	android:enabled
		ADDED from platforms/android/AndroidManifest.xml:26:19-41
	android:exported
		ADDED from platforms/android/AndroidManifest.xml:26:42-65
	android:name
		ADDED from platforms/android/AndroidManifest.xml:26:66-124
intent-filter#android.intent.action.BOOT_COMPLETED
ADDED from platforms/android/AndroidManifest.xml:27:13-29:29
action#android.intent.action.BOOT_COMPLETED
ADDED from platforms/android/AndroidManifest.xml:28:17-79
	android:name
		ADDED from platforms/android/AndroidManifest.xml:28:25-76
uses-sdk
ADDED from platforms/android/AndroidManifest.xml:32:5-74
MERGED from [com.google.android.gms:play-services-location:11.8.0] AndroidManifest.xml:5:5-44
MERGED from [com.google.android.gms:play-services-base:11.8.0] AndroidManifest.xml:20:5-44
MERGED from [com.google.android.gms:play-services-base-license:11.8.0] AndroidManifest.xml:4:5-43
MERGED from [com.google.android.gms:play-services-tasks:11.8.0] AndroidManifest.xml:5:5-44
MERGED from [com.google.android.gms:play-services-basement:11.8.0] AndroidManifest.xml:20:5-44
MERGED from [com.google.android.gms:play-services-basement-license:11.8.0] AndroidManifest.xml:4:5-43
MERGED from [com.google.android.gms:play-services-tasks-license:11.8.0] AndroidManifest.xml:4:5-43
MERGED from [com.google.android.gms:play-services-location-license:11.8.0] AndroidManifest.xml:4:5-43
MERGED from [com.android.support:support-v4:27.0.2] AndroidManifest.xml:20:5-44
MERGED from [com.android.support:support-media-compat:27.0.2] AndroidManifest.xml:20:5-44
MERGED from [com.android.support:support-fragment:27.0.2] AndroidManifest.xml:20:5-44
MERGED from [com.android.support:support-core-ui:27.0.2] AndroidManifest.xml:20:5-44
MERGED from [com.android.support:support-core-utils:27.0.2] AndroidManifest.xml:20:5-44
MERGED from [com.android.support:support-compat:27.0.2] AndroidManifest.xml:20:5-44
MERGED from [android.arch.lifecycle:runtime:1.0.3] AndroidManifest.xml:20:5-22:41
MERGED from [org.apache.cordova:CordovaLib:6.3.0:debug] AndroidManifest.xml:25:5-44
	android:targetSdkVersion
		ADDED from platforms/android/AndroidManifest.xml:32:42-71
	android:minSdkVersion
		ADDED from platforms/android/AndroidManifest.xml:32:15-41
uses-permission#android.permission.ACCESS_COARSE_LOCATION
ADDED from platforms/android/AndroidManifest.xml:33:5-81
	android:name
		ADDED from platforms/android/AndroidManifest.xml:33:22-78
uses-permission#android.permission.BLUETOOTH
ADDED from platforms/android/AndroidManifest.xml:34:5-68
	android:name
		ADDED from platforms/android/AndroidManifest.xml:34:22-65
uses-permission#android.permission.BLUETOOTH_ADMIN
ADDED from platforms/android/AndroidManifest.xml:35:5-74
	android:name
		ADDED from platforms/android/AndroidManifest.xml:35:22-71
uses-permission#android.permission.AUTHENTICATE_ACCOUNTS
ADDED from platforms/android/AndroidManifest.xml:36:5-80
	android:name
		ADDED from platforms/android/AndroidManifest.xml:36:22-77
uses-permission#android.permission.GET_ACCOUNTS
ADDED from platforms/android/AndroidManifest.xml:37:5-71
	android:name
		ADDED from platforms/android/AndroidManifest.xml:37:22-68
uses-permission#android.permission.READ_SYNC_SETTINGS
ADDED from platforms/android/AndroidManifest.xml:38:5-77
	android:name
		ADDED from platforms/android/AndroidManifest.xml:38:22-74
uses-permission#android.permission.WRITE_SYNC_SETTINGS
ADDED from platforms/android/AndroidManifest.xml:39:5-78
	android:name
		ADDED from platforms/android/AndroidManifest.xml:39:22-75
uses-permission#android.permission.RECEIVE_BOOT_COMPLETED
ADDED from platforms/android/AndroidManifest.xml:40:5-81
	android:name
		ADDED from platforms/android/AndroidManifest.xml:40:22-78
uses-permission#com.google.android.gms.permission.ACTIVITY_RECOGNITION
ADDED from platforms/android/AndroidManifest.xml:41:5-94
	android:name
		ADDED from platforms/android/AndroidManifest.xml:41:22-91
uses-permission#android.permission.ACCESS_NETWORK_STATE
ADDED from platforms/android/AndroidManifest.xml:42:5-79
	android:name
		ADDED from platforms/android/AndroidManifest.xml:42:22-76
uses-permission#android.permission.ACCESS_FINE_LOCATION
ADDED from platforms/android/AndroidManifest.xml:43:5-79
	android:name
		ADDED from platforms/android/AndroidManifest.xml:43:22-76
uses-permission#android.permission.ACCESS_LOCATION_EXTRA_COMMANDS
ADDED from platforms/android/AndroidManifest.xml:44:5-89
	android:name
		ADDED from platforms/android/AndroidManifest.xml:44:22-86
uses-permission#android.permission.INTERNET
ADDED from platforms/android/AndroidManifest.xml:45:5-67
	android:name
		ADDED from platforms/android/AndroidManifest.xml:45:22-64
uses-permission#android.permission.WAKE_LOCK
ADDED from platforms/android/AndroidManifest.xml:46:5-68
	android:name
		ADDED from platforms/android/AndroidManifest.xml:46:22-65
uses-permission#android.hardware.location
ADDED from platforms/android/AndroidManifest.xml:47:5-65
	android:name
		ADDED from platforms/android/AndroidManifest.xml:47:22-62
activity#com.google.android.gms.common.api.GoogleApiActivity
ADDED from [com.google.android.gms:play-services-base:11.8.0] AndroidManifest.xml:23:9-26:75
	android:exported
		ADDED from [com.google.android.gms:play-services-base:11.8.0] AndroidManifest.xml:25:13-37
	android:theme
		ADDED from [com.google.android.gms:play-services-base:11.8.0] AndroidManifest.xml:26:13-72
	android:name
		ADDED from [com.google.android.gms:play-services-base:11.8.0] AndroidManifest.xml:24:13-79